<?xml version="1.0" encoding="UTF-8"?>
<testsuite name="com.korkeep.summer.web.PostsAPIControllerTest" tests="2" skipped="0" failures="0" errors="0" timestamp="2021-08-19T15:03:20" hostname="LAPTOP-RJ0T7SRF" time="0.069">
  <properties/>
  <testcase name="postsBuild" classname="com.korkeep.summer.web.PostsAPIControllerTest" time="0.051"/>
  <testcase name="postsUpdate" classname="com.korkeep.summer.web.PostsAPIControllerTest" time="0.017"/>
  <system-out><![CDATA[2021-08-20 00:03:20.291  INFO 10180 --- [    Test worker] .b.t.c.SpringBootTestContextBootstrapper : Neither @ContextConfiguration nor @ContextHierarchy found for test class [com.korkeep.summer.web.PostsAPIControllerTest], using SpringBootContextLoader
2021-08-20 00:03:20.291  INFO 10180 --- [    Test worker] o.s.t.c.support.AbstractContextLoader    : Could not detect default resource locations for test class [com.korkeep.summer.web.PostsAPIControllerTest]: no resource found for suffixes {-context.xml, Context.groovy}.
2021-08-20 00:03:20.291  INFO 10180 --- [    Test worker] t.c.s.AnnotationConfigContextLoaderUtils : Could not detect default configuration classes for test class [com.korkeep.summer.web.PostsAPIControllerTest]: PostsAPIControllerTest does not declare any static, non-private, non-final, nested classes annotated with @Configuration.
2021-08-20 00:03:20.292  INFO 10180 --- [    Test worker] .b.t.c.SpringBootTestContextBootstrapper : Found @SpringBootConfiguration com.korkeep.summer.Application for test class com.korkeep.summer.web.PostsAPIControllerTest
2021-08-20 00:03:20.293  INFO 10180 --- [    Test worker] .b.t.c.SpringBootTestContextBootstrapper : Loaded default TestExecutionListener class names from location [META-INF/spring.factories]: [org.springframework.security.test.context.support.WithSecurityContextTestExecutionListener, org.springframework.security.test.context.support.ReactorContextTestExecutionListener, org.springframework.boot.test.autoconfigure.restdocs.RestDocsTestExecutionListener, org.springframework.boot.test.autoconfigure.web.client.MockRestServiceServerResetTestExecutionListener, org.springframework.boot.test.autoconfigure.web.servlet.MockMvcPrintOnlyOnFailureTestExecutionListener, org.springframework.boot.test.autoconfigure.web.servlet.WebDriverTestExecutionListener, org.springframework.boot.test.mock.mockito.MockitoTestExecutionListener, org.springframework.boot.test.mock.mockito.ResetMocksTestExecutionListener, org.springframework.test.context.web.ServletTestExecutionListener, org.springframework.test.context.support.DirtiesContextBeforeModesTestExecutionListener, org.springframework.test.context.support.DependencyInjectionTestExecutionListener, org.springframework.test.context.support.DirtiesContextTestExecutionListener, org.springframework.test.context.transaction.TransactionalTestExecutionListener, org.springframework.test.context.jdbc.SqlScriptsTestExecutionListener]
2021-08-20 00:03:20.294  INFO 10180 --- [    Test worker] .b.t.c.SpringBootTestContextBootstrapper : Using TestExecutionListeners: [org.springframework.test.context.web.ServletTestExecutionListener@1797643, org.springframework.test.context.support.DirtiesContextBeforeModesTestExecutionListener@130680f, org.springframework.boot.test.mock.mockito.MockitoTestExecutionListener@fc3c11, org.springframework.boot.test.autoconfigure.SpringBootDependencyInjectionTestExecutionListener@16a6bdf, org.springframework.test.context.support.DirtiesContextTestExecutionListener@16fc4df, org.springframework.test.context.transaction.TransactionalTestExecutionListener@139b72d, org.springframework.test.context.jdbc.SqlScriptsTestExecutionListener@dc08af, org.springframework.security.test.context.support.WithSecurityContextTestExecutionListener@eaa7f8, org.springframework.security.test.context.support.ReactorContextTestExecutionListener@142da46, org.springframework.boot.test.autoconfigure.restdocs.RestDocsTestExecutionListener@1b691dc, org.springframework.boot.test.autoconfigure.web.client.MockRestServiceServerResetTestExecutionListener@18f62f5, org.springframework.boot.test.autoconfigure.web.servlet.MockMvcPrintOnlyOnFailureTestExecutionListener@4dde9b, org.springframework.boot.test.autoconfigure.web.servlet.WebDriverTestExecutionListener@168a83e, org.springframework.boot.test.mock.mockito.ResetMocksTestExecutionListener@33fb3e]
2021-08-20 00:03:20.302  INFO 10180 --- [    Test worker] o.a.c.c.C.[Tomcat].[localhost].[/]       : Initializing Spring TestDispatcherServlet ''
2021-08-20 00:03:20.302  INFO 10180 --- [    Test worker] o.s.t.web.servlet.TestDispatcherServlet  : Initializing Servlet ''
2021-08-20 00:03:20.303  INFO 10180 --- [    Test worker] o.s.t.web.servlet.TestDispatcherServlet  : Completed initialization in 1 ms
Hibernate: insert into posts (created_date, modified_date, author, content, title) values (?, ?, ?, ?, ?)
Hibernate: select posts0_.id as id1_0_, posts0_.created_date as created_2_0_, posts0_.modified_date as modified3_0_, posts0_.author as author4_0_, posts0_.content as content5_0_, posts0_.title as title6_0_ from posts posts0_
Hibernate: select posts0_.id as id1_0_, posts0_.created_date as created_2_0_, posts0_.modified_date as modified3_0_, posts0_.author as author4_0_, posts0_.content as content5_0_, posts0_.title as title6_0_ from posts posts0_
Hibernate: delete from posts where id=?
2021-08-20 00:03:20.349  INFO 10180 --- [    Test worker] o.a.c.c.C.[Tomcat].[localhost].[/]       : Initializing Spring TestDispatcherServlet ''
2021-08-20 00:03:20.349  INFO 10180 --- [    Test worker] o.s.t.web.servlet.TestDispatcherServlet  : Initializing Servlet ''
2021-08-20 00:03:20.350  INFO 10180 --- [    Test worker] o.s.t.web.servlet.TestDispatcherServlet  : Completed initialization in 1 ms
Hibernate: insert into posts (created_date, modified_date, author, content, title) values (?, ?, ?, ?, ?)
Hibernate: select posts0_.id as id1_0_0_, posts0_.created_date as created_2_0_0_, posts0_.modified_date as modified3_0_0_, posts0_.author as author4_0_0_, posts0_.content as content5_0_0_, posts0_.title as title6_0_0_ from posts posts0_ where posts0_.id=?
Hibernate: update posts set created_date=?, modified_date=?, author=?, content=?, title=? where id=?
Hibernate: select posts0_.id as id1_0_, posts0_.created_date as created_2_0_, posts0_.modified_date as modified3_0_, posts0_.author as author4_0_, posts0_.content as content5_0_, posts0_.title as title6_0_ from posts posts0_
Hibernate: select posts0_.id as id1_0_, posts0_.created_date as created_2_0_, posts0_.modified_date as modified3_0_, posts0_.author as author4_0_, posts0_.content as content5_0_, posts0_.title as title6_0_ from posts posts0_
Hibernate: delete from posts where id=?
]]></system-out>
  <system-err><![CDATA[]]></system-err>
</testsuite>
