<?xml version="1.0" encoding="UTF-8"?>
<testsuite name="com.korkeep.summer.web.dto.HelloResponseDTOTest" tests="1" skipped="0" failures="0" errors="0" timestamp="2021-08-19T15:05:27" hostname="LAPTOP-RJ0T7SRF" time="0.002">
  <properties/>
  <testcase name="lombokTest" classname="com.korkeep.summer.web.dto.HelloResponseDTOTest" time="0.002"/>
  <system-out><![CDATA[]]></system-out>
  <system-err><![CDATA[]]></system-err>
</testsuite>
