<?xml version="1.0" encoding="UTF-8"?>
<testsuite name="com.korkeep.summer.web.HelloControllerTest" tests="2" skipped="0" failures="0" errors="0" timestamp="2021-08-19T15:05:28" hostname="LAPTOP-RJ0T7SRF" time="0.152">
  <properties/>
  <testcase name="returnHello" classname="com.korkeep.summer.web.HelloControllerTest" time="0.072"/>
  <testcase name="returnHelloDTOTest" classname="com.korkeep.summer.web.HelloControllerTest" time="0.08"/>
  <system-out><![CDATA[2021-08-20 00:05:27.448  INFO 13736 --- [    Test worker] .b.t.a.w.s.WebMvcTestContextBootstrapper : Neither @ContextConfiguration nor @ContextHierarchy found for test class [com.korkeep.summer.web.HelloControllerTest], using SpringBootContextLoader
2021-08-20 00:05:27.449  INFO 13736 --- [    Test worker] o.s.t.c.support.AbstractContextLoader    : Could not detect default resource locations for test class [com.korkeep.summer.web.HelloControllerTest]: no resource found for suffixes {-context.xml, Context.groovy}.
2021-08-20 00:05:27.449  INFO 13736 --- [    Test worker] t.c.s.AnnotationConfigContextLoaderUtils : Could not detect default configuration classes for test class [com.korkeep.summer.web.HelloControllerTest]: HelloControllerTest does not declare any static, non-private, non-final, nested classes annotated with @Configuration.
2021-08-20 00:05:27.463  INFO 13736 --- [    Test worker] .b.t.c.SpringBootTestContextBootstrapper : Found @SpringBootConfiguration com.korkeep.summer.Application for test class com.korkeep.summer.web.HelloControllerTest
2021-08-20 00:05:27.464  INFO 13736 --- [    Test worker] .b.t.a.w.s.WebMvcTestContextBootstrapper : Loaded default TestExecutionListener class names from location [META-INF/spring.factories]: [org.springframework.security.test.context.support.WithSecurityContextTestExecutionListener, org.springframework.security.test.context.support.ReactorContextTestExecutionListener, org.springframework.boot.test.autoconfigure.restdocs.RestDocsTestExecutionListener, org.springframework.boot.test.autoconfigure.web.client.MockRestServiceServerResetTestExecutionListener, org.springframework.boot.test.autoconfigure.web.servlet.MockMvcPrintOnlyOnFailureTestExecutionListener, org.springframework.boot.test.autoconfigure.web.servlet.WebDriverTestExecutionListener, org.springframework.boot.test.mock.mockito.MockitoTestExecutionListener, org.springframework.boot.test.mock.mockito.ResetMocksTestExecutionListener, org.springframework.test.context.web.ServletTestExecutionListener, org.springframework.test.context.support.DirtiesContextBeforeModesTestExecutionListener, org.springframework.test.context.support.DependencyInjectionTestExecutionListener, org.springframework.test.context.support.DirtiesContextTestExecutionListener, org.springframework.test.context.transaction.TransactionalTestExecutionListener, org.springframework.test.context.jdbc.SqlScriptsTestExecutionListener]
2021-08-20 00:05:27.464  INFO 13736 --- [    Test worker] .b.t.a.w.s.WebMvcTestContextBootstrapper : Using TestExecutionListeners: [org.springframework.test.context.web.ServletTestExecutionListener@897fa2, org.springframework.test.context.support.DirtiesContextBeforeModesTestExecutionListener@18fd761, org.springframework.boot.test.mock.mockito.MockitoTestExecutionListener@1c91191, org.springframework.boot.test.autoconfigure.SpringBootDependencyInjectionTestExecutionListener@78aacd, org.springframework.test.context.support.DirtiesContextTestExecutionListener@1bbb60f, org.springframework.test.context.transaction.TransactionalTestExecutionListener@484c46, org.springframework.test.context.jdbc.SqlScriptsTestExecutionListener@1ce9947, org.springframework.security.test.context.support.WithSecurityContextTestExecutionListener@1d6431, org.springframework.security.test.context.support.ReactorContextTestExecutionListener@44af33, org.springframework.boot.test.autoconfigure.restdocs.RestDocsTestExecutionListener@64fd81, org.springframework.boot.test.autoconfigure.web.client.MockRestServiceServerResetTestExecutionListener@19f5dab, org.springframework.boot.test.autoconfigure.web.servlet.MockMvcPrintOnlyOnFailureTestExecutionListener@3e9745, org.springframework.boot.test.autoconfigure.web.servlet.WebDriverTestExecutionListener@10294c6, org.springframework.boot.test.mock.mockito.ResetMocksTestExecutionListener@83e012]

  .   ____          _            __ _ _
 /\\ / ___'_ __ _ _(_)_ __  __ _ \ \ \ \
( ( )\___ | '_ | '_| | '_ \/ _` | \ \ \ \
 \\/  ___)| |_)| | | | | || (_| |  ) ) ) )
  '  |____| .__|_| |_|_| |_\__, | / / / /
 =========|_|==============|___/=/_/_/_/
 :: Spring Boot ::        (v2.1.7.RELEASE)

2021-08-20 00:05:27.491  INFO 13736 --- [    Test worker] c.k.summer.web.HelloControllerTest       : Starting HelloControllerTest on LAPTOP-RJ0T7SRF with PID 13736 (started by korke in C:\Users\korke\Desktop\Summer)
2021-08-20 00:05:27.491  INFO 13736 --- [    Test worker] c.k.summer.web.HelloControllerTest       : The following profiles are active: oauth
2021-08-20 00:05:27.848  INFO 13736 --- [    Test worker] o.s.s.concurrent.ThreadPoolTaskExecutor  : Initializing ExecutorService 'applicationTaskExecutor'
2021-08-20 00:05:27.883  INFO 13736 --- [    Test worker] o.s.b.a.w.s.WelcomePageHandlerMapping    : Adding welcome page template: index
2021-08-20 00:05:28.080  INFO 13736 --- [    Test worker] .s.s.UserDetailsServiceAutoConfiguration : 

Using generated security password: 0ae56a2c-becc-4c2d-8026-802f66576dc9

2021-08-20 00:05:28.206  INFO 13736 --- [    Test worker] o.s.s.web.DefaultSecurityFilterChain     : Creating filter chain: any request, [org.springframework.security.web.context.request.async.WebAsyncManagerIntegrationFilter@127a352, org.springframework.security.web.context.SecurityContextPersistenceFilter@1c065bf, org.springframework.security.web.header.HeaderWriterFilter@cb82c5, org.springframework.security.web.csrf.CsrfFilter@1ccf11b, org.springframework.security.web.authentication.logout.LogoutFilter@1ccddef, org.springframework.security.web.authentication.UsernamePasswordAuthenticationFilter@dfd552, org.springframework.security.web.authentication.ui.DefaultLoginPageGeneratingFilter@b732df, org.springframework.security.web.authentication.ui.DefaultLogoutPageGeneratingFilter@19fb3, org.springframework.security.web.authentication.www.BasicAuthenticationFilter@a2d204, org.springframework.security.web.savedrequest.RequestCacheAwareFilter@16d0151, org.springframework.security.web.servletapi.SecurityContextHolderAwareRequestFilter@19860d3, org.springframework.security.web.authentication.AnonymousAuthenticationFilter@514bc5, org.springframework.security.web.session.SessionManagementFilter@dbe16e, org.springframework.security.web.access.ExceptionTranslationFilter@115c9a, org.springframework.security.web.access.intercept.FilterSecurityInterceptor@124629a]
2021-08-20 00:05:28.235  INFO 13736 --- [    Test worker] o.s.b.t.m.w.SpringBootMockServletContext : Initializing Spring TestDispatcherServlet ''
2021-08-20 00:05:28.236  INFO 13736 --- [    Test worker] o.s.t.web.servlet.TestDispatcherServlet  : Initializing Servlet ''
2021-08-20 00:05:28.251  INFO 13736 --- [    Test worker] o.s.t.web.servlet.TestDispatcherServlet  : Completed initialization in 15 ms
2021-08-20 00:05:28.274  INFO 13736 --- [    Test worker] c.k.summer.web.HelloControllerTest       : Started HelloControllerTest in 0.808 seconds (JVM running for 5.9)
]]></system-out>
  <system-err><![CDATA[]]></system-err>
</testsuite>
